<?xml version="1.0" encoding="UTF-8"?>
<!-- Generated by org.testng.reporters.JUnitXMLReporter -->
<testsuite ignored="0" hostname="LIN-5CG1196S4W" failures="1" tests="6" name="Default test" time="101.983" errors="0" timestamp="2024-04-17T17:37:31 IST">
  <testcase classname="io.cucumber.testng.AbstractTestNGCucumberTests" name="runScenario" time="18.094"/>
  <testcase classname="io.cucumber.testng.AbstractTestNGCucumberTests" name="runScenario" time="18.271"/>
  <testcase classname="io.cucumber.testng.AbstractTestNGCucumberTests" name="runScenario" time="12.321"/>
  <testcase classname="io.cucumber.testng.AbstractTestNGCucumberTests" name="runScenario" time="15.292"/>
  <testcase classname="io.cucumber.testng.AbstractTestNGCucumberTests" name="runScenario" time="18.365"/>
  <testcase classname="io.cucumber.testng.AbstractTestNGCucumberTests" name="runScenario" time="16.418">
    <failure type="java.lang.AssertionError" message="expected [Happy Customers - Mr and Mrs Deo] but found []">
      <![CDATA[java.lang.AssertionError: expected [Happy Customers - Mr and Mrs Deo] but found []
at org.testng.Assert.fail(Assert.java:111)
at org.testng.Assert.failNotEquals(Assert.java:1578)
at org.testng.Assert.assertEqualsImpl(Assert.java:150)
at org.testng.Assert.assertEquals(Assert.java:132)
at org.testng.Assert.assertEquals(Assert.java:656)
at org.testng.Assert.assertEquals(Assert.java:666)
at Step_Definition.InspirationSteps.user_is_able_to_click_on_like_icon(InspirationSteps.java:304)
at âœ½.User is able to click on like icon(file:///C:/Users/VGIRISHS/Desktop/Sprint2/Inspiration/src/test/resource/Features/AsianPaints.feature:87)
]]>
    </failure>
  </testcase> <!-- runScenario -->
</testsuite> <!-- Default test -->
